19ecc26f-5d5b-4be0-bba5-10ad3ab8c623
fa2907ca-0cc3-4b6b-a2c2-560ca0ab6759
d5cf4ca5-4421-452f-936a-b99512fe9568
1a442f4d-2813-4e06-a1cb-92489744392c
cfe7bc6d-8abb-44e6-b0b6-c6ed04db5997
8af65651-8b62-46ed-a1d2-6952e1c41c5d
c3642e2e-d9c4-45e8-aae4-e6d776aee2d6
1b2f2ff0-8d73-80f3-864d-d63bc7801719
3515ea08-8891-47b3-860e-7e34733e1734
62c0af7d-9817-4cf5-b04e-c95b3194545c
cf62c28d-f0f8-4a7c-bfaf-fcc3addd670b
af0fc799-89fc-4917-92d6-1a55a490a20d
15c7ed2b-ab2d-4e98-9f2f-e7a34cb35881
d0ade975-2340-47d2-a35f-0b94e13dfab0
edc575fd-f78c-410a-8949-1c69a1daa520
840291f5-cd49-437c-9f15-908fb8891d92
8471210c-ae0b-443c-93b7-2ef40bc52fa2
d4eba30e-3f42-4a1f-af42-10e1d5caf244
21ed89ba-7bc7-4560-a781-e14d7ac0e946
17c9313b-4d63-4d42-9359-abe4aae004e2
837db22d-33c8-4f5b-bbda-001ddf5c2a6e
7c0751bb-defe-4e67-8a98-4a46bf0d7aca
553ee681-dba2-4e2e-8bb8-2fc606989e88
4cab767d-75b1-4a22-a494-85c384ca7722
264f2ff0-8d73-8062-9008-fec25f12e09a
df984da7-dd21-4d8f-a67c-fe2852094a9e
c9374618-22ae-4072-aa69-11bd0601ca3d
0d4e2d2d-d205-4aba-bf57-4bb37b11951d
44d85d73-827c-4b1d-972d-9a34df77ca0c
b8e6b25b-f5c8-4530-82d0-7e84d38eae3e
a902e7d5-aa43-4251-b7e9-958817fb5cdf
38ce6bf7-195a-4bb4-b307-df4a000f0bac
f04ee756-ce19-489d-84d2-2b7ec9aef6ae
3bb0695c-e275-4559-891b-fc35a45968ca
ab095aee-dfe2-47da-88b7-23725811217d
1b35b37f-f817-455c-b78b-4e71c2137075
18cce050-a0ed-4639-9385-21e578539738
b14c6c99-3d17-4c03-b545-71f4e55bc476
edcc0ac0-0a89-44dc-8c22-668b6f55aecc
b08102b3-864c-41da-abd5-681499e8cda4
3a6a9c48-2a88-48f9-98ed-169867793861
c1addfc2-a55e-414a-801b-9b86223b0bf3
b4a88348-e71a-42b1-861f-e2551beae1b5
2457370e-5ce2-4975-9e89-3f68bf2de945
3f518b15-2535-4a4e-98f5-5698408ff832
33c56893-def3-4494-b583-3f703c0755cb
02463dc8-2bca-464e-813d-b66268c240ce
83976de2-1f1e-48fe-94b9-7f1197e6d390
96eb402f-cdf6-4f0a-bbf9-4f7b3ad1fdb2
5dadba16-eae1-42ee-975b-749b85628a69
a8ead067-c3b5-4adb-93f1-4e49494725ef
73c2507e-12df-4e63-b44e-9d995063f7c4
de504648-65c3-4396-a316-d665cd04517e
71c0fbbf-c388-4b34-8ca7-52ad9e627d07
434ee6f1-472f-4bb7-8e6d-a1ced0b4f916
90202220-9b0e-45e2-882b-7a90e658590d
d3e2d9b6-f40e-474f-93a6-f0f5020077d2
60a4cfd1-58e1-4f9c-a35b-007ac11d832b
dd88a01c-aa2c-42e1-a497-a69fa8fbd20a
517f539a-86f3-4ca6-9f88-62ee7aef8de4
f5df470e-6099-427d-bd29-19edb1e68836
d5d9d4a9-5cd9-4ee3-bc4a-a0388879e1c8
b81e05d9-4826-4ddf-bd29-66a6d57b10aa
13522164-cba1-4204-982d-fa0e0e72c2a6
0d5ba32d-b6ba-4dd2-808d-e28c87a67ad8
cbff0176-0ace-4d9b-8a1d-c056134984c6
c1730738-eeb7-4200-8bda-795493fe9d6f
6bdb6cfd-14d1-4611-ac3c-10531c25e4a3
fa11d235-6861-4bd1-9aa2-63a70c892f25
3a926f41-d18f-4ef4-83d5-4197cc25a03e
f068e5de-f731-4e6a-89e3-c9e94b96abc4
2ec25bf6-ad01-4cd8-8f31-749d02cd3741
88b65def-e8ab-4333-9889-6758ee09bf4d
0be39a84-d5cc-4ef7-8c81-beeecbc04aa1
62320a3d-890f-4452-9b43-e68ba16f9088
46eeb3eb-fd11-4885-8e8e-10ab453f26b7
70ab8ee5-3428-4cc0-ab24-82b598f382f5
92da23f8-c40c-4251-b0e9-a4beaca018fb
6fc7af54-52bc-4ae9-9ac8-21b718ec01c6
71db226d-8479-4a43-9412-e205433dcf21
371c4be1-3a5c-43db-b856-bb7ccec0ed02
745cdd8c-6d6a-4907-a770-199b1de75b83
d6f6d0a6-c6f6-4c03-96cf-d73854ef775d
b885ee4c-3e52-416f-8702-e5d2397ebf88
5cda7acb-23ee-4581-b2c4-6975b75897e0
59184143-be98-4cdd-956e-05e8d26b3cfb
626ec243-61e1-4d55-9040-3433c30debd9
a559cbbb-d497-4ee0-a73f-142661fc9bf4
26feb709-73c7-459a-b2b3-6699c04421dc
f0b76bd9-696a-41c8-988e-7956ffc0b31e
5fae06b1-cc6b-41b1-a149-aec4f2eb7260
c54aef04-ff38-441b-b392-17dd80877c4b
022e6905-699c-480f-997a-28de098b7ad8
43ab8a4f-4c92-4bb5-b539-0ec59e175719
3572bd4b-248f-4664-aaae-1053944bd791
7b7d05fb-0810-4a3e-a897-d21590cbc0bf
abfeeb4c-ef52-40cd-a0ae-1f1ece8d41c6
a2258eb4-7a22-49ff-b756-d7d95ea45630
54d32017-996b-4207-baf5-5c12145ee3d4
749f57b5-8c4a-4184-8b3a-ea3efd94ded1
1675d183-c14d-426f-9e65-106d250d9f9c
47680af1-745e-4d55-8259-5c11cd24a858
4cbbe1dc-813e-4257-9c29-9dfb011fe889
e433d291-e3d7-4f50-9e9c-68d6c05f7d98
5873610f-ef3e-497b-a3ef-d2c133ac26ec
b23be8a0-84fb-4de0-9ed0-f5825c2efc99
dd60f4f0-8c92-42e9-b85f-a6e5d47bcf7b
285870ca-6e48-4bad-aea2-baf524214fd8
41dbb117-822f-4dcf-a1b8-4b219863c64f
dd61af09-4641-471f-9b68-ca513db19b10
d2c6396b-c632-4117-9f97-1bf62689ca72
a2ea7fb9-cd13-4421-8bf2-d86e263e78b4
d2a547f7-dddd-485a-b291-cf4b29faedab
09783df4-3ac7-477f-be83-1a73a361e065
806ecaa7-ef6e-4528-b42a-5b679e30a759
eca65f7e-7836-4c47-a6ca-c9960399ac36
1c50fddc-0c50-4f99-aa60-4edd8f6d9164
6f93bfea-7623-4eb5-98cd-d438ea2933a1
76473671-18e3-4104-8956-d2aed4934392
e0026c4b-aed7-4889-81c2-107985d8ed76
cffcf05d-c844-43b3-998c-fe3fb5b93241
4c698938-1a11-4486-a568-e54fc6b0ce0c
9a987b88-d47e-4dbd-a9b3-e9af2ae900a3
fe3128ad-f36e-4951-9f36-a32f7e87955e
0e9ab1b6-4fad-4402-9755-5d24b6c3fadc
ecf09c5a-469f-4f11-9829-1d49dd55814b
40368da6-9873-4e00-a078-5756bb1b0970
46f48210-372d-4659-baa9-d6d6ea00ba6c
9620d4a2-1f94-4f0d-9159-3ea27d38ee82
5c9892b5-9b01-4696-bc03-7626d63c6dcd
e58b6e32-d0b9-4fa4-87a5-57e508778f1f
cb57a9a2-2cf9-463f-a49f-4eede1a4bae2
b03cc21c-0b56-42b1-8770-aa55c9148a53
22569712-1bf4-410f-90dd-dd8274324d73
fa58ab1e-afb7-454d-ba31-f39ec3b73309
9efe3f51-5fda-4c7b-a7ce-c8393773c397
a57bb481-c211-45e3-a81e-f30029d0dee2
5c45fba5-9f79-4893-88fc-fd8ad480a379
e9bd08fa-2ceb-4a2a-bdf3-80542b16b447
1ddd5e19-feb5-42f2-bcf6-3dfeb13bdde5
91805992-b7d4-475d-8600-1ea391c86614
6fe1d88e-691d-4d8e-bd65-2ca88aff057b
136a3aed-35e4-4928-970c-72bf78741546
586646d0-483a-4f9f-b94a-053d16c414ff
f8b6278f-dbb3-4f12-8247-ebdf73a76348
a58689b3-d322-4cdd-8f88-ef77c4559c18
32666275-57c9-4e15-9e48-1e53045425a0
3f34605f-7213-4b93-ac41-8db99e03c6a8
82568b81-e617-47cc-9cb0-4de4e37d6e02
1329fd27-9995-4d0c-9d8f-7211c68cc681
76f11896-2ce7-4cea-a30c-23201681dd88
774f9e7b-cf57-4810-9339-8e9dc530caba
69f90711-9fc7-438b-b88a-d7e616140f89
45d7921f-da6b-4274-8fea-c4a788da3de6
2996d54f-352e-4078-acb6-5ce95007ed8a
073c6e93-2839-41ff-a01c-a39396143691
89b029fa-c5fd-427b-81e6-3aa229db1482
41aa9c7c-ee01-44d6-ad32-3928a3d92bd2
0afd30fd-3cac-4b55-82b4-7230aa6c6c0f
e550a88a-71d2-43e9-b692-d88073313308
2fb728a0-0da6-444e-8bc6-58f0a1b65398
f8534775-20ed-4369-8711-b87260167431
413ca0ca-074d-46d9-a7db-6dcf52399782
2bcb79b6-f8bf-495b-be18-21ca80a7d286
26c8076e-145b-4acd-8d32-977bd2785d56
a9390a4d-9519-462e-80e8-57b8703ecf22
b9b0b286-9917-4b2f-b0e0-48123615b6fd
0e84ed55-7950-436e-ae1a-8b9349e4006b
32a0f3be-7161-4541-a208-5d213dbf21b7
5ea95353-0f4c-4bf3-8a2e-7753696eda96
e8768dc8-d741-4677-97ce-9682f7f9dda1
a9a237f7-7a7c-44f3-8ddd-dc4a81644fb0
08dc22b7-2b92-4dbd-98d4-fb5bfc209f46
063bcd3f-9df0-4924-93f6-168cb26778bc
05b679d2-dda9-459b-939c-2b74c948fcb6
e7ec4d1d-ff58-4974-8bc5-79c74351a236
b391e0f8-9f37-442c-8b6e-b8538b3de08c
b0774c13-ec68-45a5-8c8d-da0731c7294a
720fc1ba-2e12-4b98-9f51-47c2588ac011
7ba73321-d091-4e46-ac98-03ecdfa1a1dd
e8c4993f-6718-4234-b2df-7b7cef36b303
22f3fabb-c0e0-4a3d-ab9c-11730a21e7b0
90d017f0-3764-4973-a4fb-80f7dd051dc0
e17d57da-76ae-47c6-bc55-c5f200b796d7
ad3aa0e4-3b30-4cf2-91e6-a4f246e1c35d
ce8bd7af-72ec-4a76-9a49-33f9615f4c7e
8b7fc602-3a7e-45ce-b026-5dc0c54c51e0
bbbfdb4f-4f86-4640-98b8-402852a10d85
94a4be28-e865-4552-97fe-0d508d64912b
5064ae44-d1f8-4b2c-bc93-cd4e4d4bf532
a6848a74-7827-4832-98f5-5cef6cabcf79
9e0e3a05-e87c-4fef-9d83-b4fc82a0dbbd
6af298db-947d-4692-bd1d-b9002d72ce1b
b9a4fef7-1d2f-4f4f-8d18-92c2ca8ace75
61632d18-877a-4b52-86b6-69eed758adf6
980ae510-ad10-4ed1-8d13-6581cfdb7071
aa461663-b539-4c16-8b76-a4d84bc93bdb
d3277f6b-7f01-40f4-b696-899e1af637d9
c959fe6a-895c-40b0-8400-80615e1ad524
ff5ad2e4-26fa-4671-836c-34b747246d8d
f00286ed-1f02-4e11-bf4f-b6f6ed37a4e8
907d1a56-71d9-4e94-b57e-6f269a695f37
af055d3d-8ba5-442a-86c4-7c1ec35e585d
451289b2-eab6-477c-837b-22b60335bf8d
1b0166b6-03c8-4aa4-b488-6fff503660a3
ad27f505-728f-4d59-8ebc-196033acb2fc
c4414444-3bbf-4c90-81cf-3f89f726d71e
714879b6-0fa0-4e39-a8c4-59b66128752f
fa9ca6cb-887f-494d-b82f-e6f27327ba12
6c47d8f9-407f-4a10-8c30-6f70cbb0eb46
c92819d6-6b8a-484f-b76b-ab5861600e1e
a1ecdfcb-1edd-414c-aaf8-3cece2975317
b8676462-ef5d-4007-b135-84d6662401de
a450cb7b-3392-4ab0-8cb1-dbb071b986c3
27bd304a-3b9e-4dd4-8d53-25ec8995e21d
e3a98abe-77ff-4248-bd32-de9395c22f1d
4c0955c9-4295-4950-94c6-a195558af523
b1bfa23e-f6b0-48b2-845c-841ce669d69d
a62e4eb2-71ea-4dd8-8c23-c2503e6c0fe6
2e12ca6c-b730-4f74-8b27-3cc274cefc9b
bde7ffea-ce0d-4f06-a26c-f018bcfe5e44
54faea4d-7fda-4309-9f9a-5af46ef6b808
871bda95-cad8-4f5b-81a0-3e8b583fce61
d7bcb829-d7ef-415e-b041-6ad8eb6561ed
e4934733-f514-4410-919f-55ebfdd62a19
f4e60708-f180-4694-9b9b-8e722a442f03
e71fa7a0-4a14-426d-9840-7c06943f3a3d
6fdfa36c-48f2-4004-8e28-b682c341d1f9
fda65289-288b-4c80-980b-0e9499db4544
af525e57-1514-4a40-bbe6-150c363b2be5
6053ebf6-4b5e-4f94-8983-3aafe42caba3
ab0440be-12af-4500-b1f1-c6428a54d9c8
09045524-7d18-4dcb-9394-6b89ac9fdf2c
4e77477c-cc29-45e8-b805-e0e61d22c2c0
7f8120e2-0d01-464c-b669-dde710f262de
a251f48b-6d5a-4f05-bf1a-d1edabae01b1
5f215a7a-ef4f-4801-967a-e31e9d4a0dea
8447b575-8dae-4023-aa7a-cbef75f869f3
6fd449f1-7d8f-4b35-b0a2-5b26a2206237
a88c6362-ba37-4b96-b474-dff12a349792
c5b71a5e-9a83-453c-a86d-9a400b867514
be5d189f-e677-443e-958c-032ed82a260f
f7e8bc5c-bf5e-4588-8747-9f3aa567ab1e
438133f6-8ff4-49cc-9ad7-c59e51d7fb15
dc218326-676e-426f-977a-9ed1e46c64bc
742e4c9f-415e-40c5-9a59-1e08e7003662
684100af-2e87-4ee5-89a2-b5e020a00f16
69d33ab4-5b76-40a8-b7b4-a18c837a3274
33690b48-3bb6-4ecd-9b4e-7698eb479823
63f8a57b-1292-40e6-a853-7d9b1e699fac
2f35fc3e-f961-4f9f-ba07-c425351537b1
f896be31-5518-4c2d-b34e-c0dcda15246d
8fea7e80-cf78-42f4-bc52-4c1d9d3433c6
e2d9196a-cadb-47be-9b85-f0850c181a3e
7a2ad7b0-80de-403e-88ef-08d3f1be488d
8215b766-5c69-4010-b6a7-be92298249a3
7aee97c5-6364-44ad-8fd0-c1bbbb1264c4
7b960889-b7f1-427b-9aff-34b4cec517d9
24309a61-d6af-42df-b896-e871dc96ae15
4bbf791d-fea2-4219-9a2c-6fe8d3a21313
93fed598-3f69-4e52-beb3-ca283db2800b
b7f70644-eb55-49e0-b6c4-ddcff0e70fe7
707d75d8-20c0-41d7-9bec-6b2cc9175e67
da952484-daac-4a8b-a671-20189596a726
ee06b6a1-cc40-4254-960e-cce15904ba26
a86cea00-f36f-41e3-9c0e-1bec82076be9
93765944-347a-4fd1-aaea-e821c6b165ff
bc659a67-16a0-433c-ac61-edc46f1c16da
fcc98ee5-1782-461b-9b6a-b4138170ef4c
a8dcbf7f-55a0-4384-9739-c17de96c97e1
ddaea055-0cb2-42db-a7db-e686ac6fc4db
d664bbe0-ca43-4ab2-b3b0-51f7924a0cf7
b5bfce67-b23e-4d47-a4a2-52eff08e6dbc
807ac0a3-7637-447f-aae4-19bab4f36f1d
08c0116d-b4e8-457e-b7dd-c25ecbefd39d
12c80f83-0831-4016-8577-98ca4384035d
18d2a033-ff42-4b0c-ab02-ace872aa357b
216e20c8-e6a7-4f29-977a-cb2100437aaa
a28b1cbd-8d97-4341-824b-13c5b2e38c21
ee61577a-84a5-4c79-ae0b-ea7f548ccc68
767347b8-a265-47d5-9903-6e1465279b75
741e4228-3da7-406b-99b2-afd3b9721671
9871758b-1302-4bdc-a986-7f07cd57ac6d
bd250842-c368-416e-9081-18e02b694a83
c6110b7f-6247-48a9-878f-f901e0c1ce2c
0e29d610-ea1b-49d5-a8ab-1b966e956b09
9a324129-0c77-4ca8-9cc0-ef19aa3a9825
1fc9936e-4ef9-4f1c-8582-0a11b54bc595
0148695d-c238-4785-af11-03e3fe275e2a
a7d550c3-630d-4f89-ba01-b11511116e12
f6bbfcbf-92e9-4c3e-a261-642c165029d9
3c70b13d-0ff3-4188-ab57-f8b6edf01fb5
045da47d-71fb-4070-95fd-84625d111a56
73d9ed3b-b3e7-40db-bf6d-4b54eaba3f28
75f12569-6f95-455e-8e44-0f2d43caf3d3
43d510ca-29fd-4898-882e-230933a2c6e6
2dcc02eb-52e2-49ef-9d18-a8ef6cd519bd
dbf7cfa0-ab3d-452c-af5e-245ade74de2d
1c5217d0-085c-4ad5-befe-8b08cf384a2f
dd9c4d4e-4ed8-4e43-8c61-da3fdc31db06
855e646d-6cc1-4e7d-851f-5b9f9a597a99
34f2e6b7-eb5a-4670-9039-3e3016968a20
e6efdb98-6639-4677-821d-e84a05c53a61
60f292ec-0cfc-431c-8ed4-52c33a2be301
c32b347d-cd8a-4e60-bf49-9a6a01410acf
a22355cc-64b6-4a4c-89c0-2db0dd329aed
73198f37-ca87-4e43-8db2-7296f78d84c8
28f5f275-e85d-401e-96ac-3e0312edaeb7
a62150a9-8f77-4cdd-bc7e-b3412b209847
ac8eed70-4bbe-4438-a4d0-fc214d08175e
54fca1a8-82f8-40ad-a3c3-195ae64783f8
61bdb343-5e5e-49d7-8375-c32ce99a8fa7
cca5772d-0a07-4594-80fa-df6528d9749a
79c9110f-53ac-4bbd-84e9-9b3ef88b146b
4e1270ce-535c-4a2b-85fb-7a094ec00591
e91055a0-9224-4e31-a553-a7f53a915d69
060d5d3d-d19f-4e9e-a4b4-0c9952300f4f
8259a68c-f792-425d-a6f4-1edeab3f4e09
4d98b565-ab8d-4473-8cba-e31c0dd8c116
819656e1-b080-4845-8888-1541819a5360
05c0df9a-57a3-4e4c-bccb-13f3cd54769b
da81180a-cc97-460d-9fe6-29d6d382c3c2
0a229050-35c7-4b39-9c26-af97018a4de5
3ed8b0e2-ef75-46c6-980e-6ddfda14140e
3e2b70b0-0f3a-46da-a545-320eb697e1de
227afb76-c3c6-493a-a064-35953e234f4a
7521435b-fe4e-4592-9ffa-5c822a342c0e
b31e6c29-2773-4bda-8d6a-a64d9920edc3
27506f2a-5c33-482c-b0a2-37e8904b626a
fe9f0c81-15d8-41cc-8fca-6f14803745bc
78d83fdf-711f-4f83-b15c-eb82b03f95da
5c7900e8-855d-46a2-bf7d-eeebfd91ab58
63dc2ac2-d13d-4664-9934-c18fcd802648
e7aa87cc-3fc8-4a64-aeb8-b1fa51a7142e
b9509560-2eaa-41da-aca8-56b0c0a4ac4f
b6c6137b-bd57-4156-85ab-00217cdce26d
0e0b3feb-9161-4d40-b86b-37b869c6288a
0d577bd8-d228-42aa-87bd-037bce877344
de9f776f-0280-432c-9814-9d0711e4cf2b
57758a5d-7133-43e3-8f16-74f7e0c33d47
1b2f2ff0-8d73-804c-b5aa-e10a158e21b3
1b3f2ff0-8d73-80e0-b767-f56eaec04dcc
1b3f2ff0-8d73-8058-a715-efb37089f852
1b3f2ff0-8d73-804e-89b4-f574b8af4b7d
1b3f2ff0-8d73-80d9-a856-fe169494c796
241f2ff0-8d73-805b-8d6d-ea7fefb5564e
68800926-49e3-448a-8531-8a752ba0f477
abe6096b-db40-4680-a99b-bccbcf17f275
f7476fb6-7e73-4208-bafb-6216b4bfad51
1da56751-be6a-4206-951e-5e3ade7e3ddb
580bcc4f-2f6e-45fe-bc69-924a33303970
d897f6c5-4e6a-41e3-b7f7-865f469a12b0
653c81ce-3a39-4a48-afb8-6b15ee8b2866
c757bbbe-cb42-4ffa-9a30-e3f4e73324d8
3ae624a8-421c-4ae2-bf5b-cc4f45c67cb8
8ee8bfcf-d868-40ad-964b-578e9911b923
ad72d07f-7de2-4760-9a86-18e030f32c1b
0b8b6f0f-814c-43dc-b1c3-f605f297b396
fc81e93c-5a74-4bce-be8d-427d861e8c56
df6817bf-cbd3-4dbe-8339-311b8bb5dbce
11624c13-b261-4a34-90c4-8276b7a136d9
5ffc1f5f-0d16-4102-94fe-11f7cc08da55
1d4b0f2e-a087-441e-94d2-7d7314d937d8
6942da5d-4a79-491d-8fd0-6f27574c46e5
70a3d154-9612-489f-9875-b6ab4fab86b8
3d6765bc-0cfd-4e0d-8615-f49adbe554a0
558698eb-a9ef-4c26-90b0-b7eb61727c03
f2395503-755a-4715-a539-aa53fea40b91
c0927d77-0a7f-48bc-9bc2-40b507b2d16c
f901a557-da1f-4510-b1b8-d287f5b315f5
8f7b45de-63d2-4f61-b4fe-874b7335bc59
56604e00-ff3e-4496-a2f6-f3ffcc5676bb
222440dd-be80-4f33-b61b-ac5e9e0b8ee6
4e4fb88b-45d3-4daf-94f3-7724e3254377
38ad805a-950d-4e35-8e22-d0bb7c92f719
5506d869-c523-46e7-81d9-38eba09fa9a1
4562db73-8e1f-47bf-bcb4-1715c206d0df
3f2292f6-4cc4-4199-ada1-9ee2aab59571
f02f47fe-aeca-4879-8646-fb48919a342f
e2c84906-e366-4457-95f6-5cd67c9a1781
9a10bc7b-28a4-48ca-baa7-72c7dc5e2c7e
ee41290a-4078-4ad6-a476-459c7339087a
06011d09-1a17-423e-b3f5-05694089cddc
027fd72d-7f1f-4b3c-a88d-159a37ca046b
57e1a5b2-9275-406c-80bc-30d419d17b0a
158efeb2-9051-4b47-aa92-f50d48937629
50f89b39-f3d6-4883-a8d3-131213067385
3138360b-9b08-4109-babf-756a0e0767a9
33ad0a13-2e66-4f07-8778-f89feaaa1ab7
6b413f45-fd7b-4320-86fb-4d124411d2b2
a951ca2c-3979-44c1-9ec8-7e6f496655b6
55c35a4f-9afd-46b5-9267-937095893d8d
1b48680c-944c-474b-b3c2-8ee4eed16b97
53c3265e-8bed-403f-b31f-ef438578219f
2d4b8700-f739-4cd7-b0fb-e9dfb177c493
d8a48ca7-a18e-4df9-af9d-d23446b2108e
bac2bf8b-e5e0-4184-b820-d9ca1e6a872c
6ee180f4-3e17-4c7f-916b-c8e1edd97cf0
5d386f5e-6ca5-4314-8ebe-68a1961c84d9
060c862c-ba36-4eb4-adb6-4dfddfbff298
56c94add-359e-484e-9476-99d26bbac08f
47d26b7e-30d7-4550-80ed-c323a10cecf1
3fa0edc3-2127-40a4-935f-b51a798aa7ed
3d820a34-1e32-47cc-ad16-1e8baf505ad9
e5a46a34-a975-4e50-843e-004827b8ec8f
14100a76-8944-40a3-aa72-c0f6d2310ef1
02b20fdb-a79b-47c8-a260-2f0876e4a8d7
9b8b7501-d448-4d7a-afe8-4a98ae0c1027
3b06a5cf-13a6-4acc-9665-9f34378accfb
cffba128-ac3c-49b7-92ff-c2a3ce55bb19
39996768-ce3c-46fb-bc09-b7460921bfb9
9a548ee9-090f-423f-8f36-a5572eadc77b
f5a3f5a3-ca10-49b0-ad6f-1d7903608c3f
cefe3e79-aa77-4479-b7e9-a2819cd8d36b
558d9349-bfbf-483c-9bb0-34b6d71f8ca6
b6cd300b-7cc9-4af4-a18c-fb8470d75fbf
7b7ef333-48f4-412d-8cd5-1cb4dcba8565
c540670f-f35c-446a-a213-605a2c9c3cf0
cc65a5b7-5a1b-446d-83c2-0c5bdc649588
829b355e-4956-4f63-a9a3-7d45f4e580bd
7bd2f7c2-b301-4fff-bcc3-41e10339b6a9
e31addb0-1e48-42b2-9c04-fa6df11e9f92
8b86af96-9f93-4d69-8b7c-4736ad573560
502b8b42-ab90-4574-9f40-34658c898e59
cee3b6aa-f1c9-44b2-bfe8-ff15e1e7584b
fbfaf7de-0ecd-4800-a30f-12b1b9308f66
dbb32686-0209-4867-b099-1b5ba5e8ff84
20ee8d8c-13ae-4e1f-a5dd-1e6efc7ab8fb
3465e91f-2050-4519-93a6-d50b890928da
eb123161-9478-4c09-be7b-99b296ebc80b
8e703f25-b9eb-4b03-a9ad-65cc078805ac
c9fdf7a8-e7ea-4900-bab2-86f4906d958b
312b1f73-811f-4697-b02f-1806eefd69bb
45219fa4-f17d-40fd-8e82-52a699ec39d3
1b2f2ff0-8d73-80ca-8d9e-e0ca4bef5ce4
1b2f2ff0-8d73-8037-8f7f-e89254896e1d
9613327b-fd12-421f-9464-dc82410612c7
f5490ee1-975b-4fcd-8573-347d5c28a1b0
47b82d53-e779-4fa0-b193-23f72a182916
9e9e6258-163f-48b9-a109-c58a23844417
d956edf8-3738-41d2-b4c6-c4700067a4db
1052083d-ae8e-46d4-9407-1117e31d35c7
a043fec7-0f96-4a48-883a-06a7c1907afc
e2672c3e-3285-4cc6-baac-574f247cd2c7
0794c43e-f0cf-4cf6-85ab-9a01a01a9207
abe13e2d-a330-4260-8ce2-3ec4ef78d9fe
b3ca7a57-11d7-4c18-8092-6357db4492c9
e89c8361-0985-4b8d-bef2-11932ce40358
0c9b708f-cb5c-4185-81b0-dbad5c69e003
5c7ed3bd-def3-423c-990d-49c9665f6c9d
57d8d730-678a-4726-9a8e-8c6e54a45a75
e1aaab52-e88f-4161-8765-e6193adf7d45
f9c3ba0f-3f7a-4222-9df8-efb0bc69433e
1ec80531-927e-4fd5-89b0-1b4a1a1fb86b
512d164c-e60a-4054-850f-96285479901b
dee4b9b5-022c-443a-b4ea-0c265243cc04
1f122933-8100-4d48-a6af-87ff836139d4
eb9d8420-98a6-45fa-9c0a-1945e3cf33f0
66ae6be5-bcb5-426d-a7c4-8d73cd1ac2b0
014ebca0-dfdf-4fa6-852c-00c751bfeab6
d6a29a10-4907-441b-9c3d-60e0c16f10f2
0d33fc6f-9a09-4668-bd4d-d72b3115fe8c
7f750c96-ea04-4e27-ad3d-7c37f36ec817
20c6e0d0-5650-4565-9c2c-10da2883de49
a05444be-240e-48af-a3dc-cb183fc58d9a
8e224fee-978f-4d6d-931a-34e16c293890
3de13b2e-8f8b-404e-8409-7c4cc4340703
efa2580d-e859-4b89-a634-e2d61e95b8fd
d14dc6f4-603d-45ac-9ad3-1cfb69886088
c581d79d-abb8-4bf7-ae0e-fa6030ac47d6
5a0ef2d8-d6df-4fdc-889f-818816f603d6
854cb853-9894-43c3-97c4-7f578a94b68d
6485ef9b-863d-4145-8800-f1797d4b1cbd
25d71983-babc-46a4-a240-a47ff582e67f
e0bf7ec7-8b4d-4d14-9271-335b0176efe3
99a3229f-fadf-4488-9905-8f29de9f0736
4bd72c9d-4bc6-4fa3-b137-fb1d5f1df203
d158c9a2-689a-4077-ac2e-fb225b3e483a
41393409-9423-4955-9aa7-d602ebd6021c
6c401ae3-da30-44f8-b9ef-ff87e18d3cda
8ad4f328-ea65-4c04-9a80-d9e0a265af33
c7a071ad-a111-40dd-b091-158d405c9a25
e5d19de9-0eb7-4572-857c-e83d91d92c88
9170a423-fba1-4fbe-83c4-f55f2510a9db
09de838a-b46c-4cdb-9467-adacdbcf4c00
c5e7dbac-42f7-4c53-9e89-fa699cd9d5b5
3f82c59f-c575-4975-8e1b-653136c3f1fd
75575b79-9a3c-4601-9c57-dd2f7f48e285
fb930369-4ebc-4de0-9414-0a029857bc24
7dd3b868-b5c1-4f16-b997-8fb35a971ab1
e5d0b875-29f4-430f-8841-a7fc359439fa
3ea70be9-6d09-4e25-8025-a0235dd71c28
5a18d7bb-7ffa-452e-912d-59507ae65722
d2ebec0c-5793-4b27-8e91-d72f7caac8d0
2b4d2a01-fc3e-45a4-9d5e-2ef7d3677ff8
2683581e-34fd-4025-b3ef-a46fc19ec855
a2890950-3046-478c-b6d5-f9b00ac68903
447841c8-3775-4b0d-8870-432280b3ce9c
0a81d5f2-eeb9-4d36-911e-740250340d10
83e3f4f2-5e8e-4383-95e5-3af1bfb19210
20c3c3c3-432e-48ac-8336-86b8345f920e
e5bb5c04-c9f1-4f85-bd45-1d36269482fe
f1b7f244-49e5-4b77-839d-4f96bac6bfdb
f9f321a3-b09d-453b-8726-d20f059faa1c
f1e21af2-df6b-43ef-8da8-09f83d784806
dacf3bfa-0571-4ac3-8d6c-0c1df00a7dd0
670fadea-2b37-4e54-931a-01c3487b28f9
78ec4709-3773-4f20-b3ef-d58d29f302c2
a01eec5b-64d9-42fa-ae44-b27d22e14a42
b71fbcb4-d86e-4ccb-b1c2-339ffa74ee62
d2204d68-7585-4ab7-a346-46a468438d89
1362a2d0-a4af-490f-9161-e74ee7aeea2e
b9385d4e-12c6-4f96-90c5-0d159527c61b
642ad9b3-891a-4162-a764-071e7581cd2d
ad6af76d-1f61-4012-a3fe-c49807ee165d
f8b9c4be-cec2-47be-bac9-cdaba1eb98d4
810b462c-6498-4574-b7a7-b3247e139dbc
9917d87b-5365-4c35-8f34-a57bfd9e3712
787ac273-0000-4f2a-922b-ef832f8252bd
e8a02845-ac09-4a4b-ae1e-e0f8dd427177
fd2349d1-94c9-49a8-bccf-d22d38ff3628
26a6cd5f-2383-45ad-96f6-c27814d5c518
039d633f-bccf-492f-9c6d-c167e8b5a292
bd74ccb6-37ff-4bea-a2cc-00c7289f3f3d
fb4b3675-d7d7-4717-a82c-a9383c3e5b51
f2b7774f-a699-4226-994a-370774d7f2df
115f2ff0-8d73-80cf-990c-e8fd17d0e193
11af2ff0-8d73-802a-925e-f9c5948ccbf0
11af2ff0-8d73-80e3-a078-e9d99aa3d8df
11af2ff0-8d73-802e-96d4-fb622c8a7617
11af2ff0-8d73-80c0-b882-d9b3fd8ebf12
11af2ff0-8d73-804d-985f-dec3ca7edc63
120f2ff0-8d73-80bb-a576-f18b9de976fc
144f2ff0-8d73-807d-aa2b-e7c0cda07d47
151f2ff0-8d73-8013-9f08-fb2e09874d47
151f2ff0-8d73-8061-ab8e-ca79c229e445
151f2ff0-8d73-8054-91b5-c6f1e3463327
151f2ff0-8d73-80fd-8b96-c54e93c6a71f
1a6f2ff0-8d73-8086-b722-e508142aec79
1d9f2ff0-8d73-800c-9ab8-c052172d559f
626f7858-dbe6-4a23-b2c4-2e433caa4520
6e46e661-feb7-48ca-9617-75ba7b42d556
a3eef5cb-a62d-4a94-a748-d549bd9970be
18789c1f-40c4-4a28-a363-8e20073eb8cd
f574fd06-d4fb-425b-a7a2-1bd4cbfbd0b2
122f2ff0-8d73-80ab-9773-fac673471657
1e7f2ff0-8d73-80fb-9e29-f4a12962b1cb
65550d5f-a3b1-4b4f-8f37-4cad400be4ea
84d14606-b3f3-4dc0-8f75-ca8d7128a391
73b57fb9-0461-4cb0-ad59-fb3f85840aba
e7b67061-b1fb-42db-90e6-b07a70b0b2ff
a231a0b2-b4c1-4c5a-9b0b-ed896d28e3e7
a7c77e74-8e3b-4717-9500-ee310e3e6bec
2f47146d-5f20-46c2-8d3f-6437eed33f6d
2092e3f7-6232-4ea6-91a3-37f59e16a125
dd946ee0-482d-49a5-9945-37f8966170ea
7be8a013-5f6b-4f1f-a2f2-dcbae73cd58f
cf142a6a-6b7c-415a-9183-23a741097e7e
d4b9d08d-9a4c-4379-bfea-8e742625407c
0dcb7d22-d70c-402d-970d-a8cbae5ac0c6
82a08ff9-a6bb-4d62-9875-0c90ea78d198
473ef6ad-ce2f-470b-a2bc-605c29677309
6eeeb192-a717-4a74-aabc-5edf9cbb4da7
96689664-74ca-4ce2-8bc4-8b70b7e77a60
a0c657aa-dfde-450b-9f8b-c165bcb0834c
7f2c7ea9-1a57-414d-badd-4257499099ba
0c1cae86-69f8-42f5-8ef2-cd13104617c2
133f2ff0-8d73-80ba-add3-d43c59ec407b
3ac751e4-bcbb-47f8-a4a8-84b7be58a6ab
26d021e0-b1a8-43d9-ae7b-6c58cbfe0002
919a33ad-3127-4b74-a6be-7bdcb7ebcb91
aba7e79e-081d-4857-8aa4-2bb28673efa0
3cadb786-45aa-448e-bb37-d42f44c49dae
0001cdc2-4df2-43a1-a072-510328db9058
ec1989c8-69a8-459a-a0ac-8a48d3116ba4
ca4a2cfb-726a-48e5-9759-e061a6d8bf7c
6609b0d2-748f-429a-95df-d920fc5ac94c
379409e6-ab0a-4090-af26-8564024d9f18
44b52ac8-636a-4374-9927-bdaad731ebab
6f23111c-a622-4cd1-99e1-b6af367a93ea
58b01ceb-5be2-47c0-9ce8-31056ae975c8
a5e20940-a56d-4daa-972b-3d30c2cec6de
b3a80085-cf8c-4059-bf08-00c95a498cf3
684febc2-ca4c-484b-bb4d-3610bec211d8
3f1e05eb-59ca-4e2d-b39b-95c0791b46ee
0768a828-825f-4a0a-90f2-f31b599310e1
4d07db54-feea-4b46-a827-7c01a05236b7
0131c58b-23dd-4708-ba86-bb7817555695
2623f71c-d576-4eb0-94d8-ff8fc126366f
dee13a78-0e1d-4003-ab9e-de91e3b4b438
947d0824-c3cb-4e48-9622-c5785fa25930
d9524a6c-1a22-45e0-9f61-4f9cfa383e3a
89a3a7f2-be9e-4b76-9b78-f91ac1f4659b
6497285b-a6f0-47f3-ba56-1467b7ddb11a
84497644-493c-41bf-b752-d5471a4d582c
803a3fed-ba54-4e65-9973-2d72e91b006f
f6ab6f53-a693-41b9-bc23-26ef1fd4e466
a31be47a-a340-4670-8b4c-57f897d79d5e
19d837e4-ef43-451e-bdd0-e647a635c29f
41b88ed7-8b26-4f52-b61f-1115c828de93
0eda9ac0-eb49-4c50-ad25-24e30101843b
1aa30ee8-5815-4f53-a474-1263a7f92991
79d38657-8364-4b5a-afde-6272b5ef584e
8c56b9e2-08bb-49e4-80cc-07333a767bac
8eb0baf0-4942-430a-8d99-1e0c2fe5f470
25fec890-7554-4a3c-8869-d8069bcfcad4
b228acd2-02da-402b-9f20-f41e463cefd2
00b3fe80-acff-4c78-8a8e-1467e73097d1
10907904-99c8-406a-be4f-c4518934f6ec
1b5fd5c2-bd17-4c1f-9c8a-a15b195a86fe
b1004b32-fc15-4807-8a3d-59a86139b641
922cf097-4217-4fa0-b21b-71587d7701bd
eeef9197-89eb-4a95-b9de-cd94e91aa068
3e79d511-54ce-4f81-817d-b438a1bf7dc8
f6584e99-b604-46cd-911b-8fcc1d2741ce
c60aa11b-da61-4b3c-a85d-42edbcf82763
4fc1e140-0331-4fb7-8ec2-270bb1b5fb57
2c89ba2c-f2da-42b3-ba18-e29fde5e3311
c836f390-ce82-498f-9a62-a4b2559fd5b9
cb3df539-5306-4f84-bd16-ffc4d1ef0ee9
7c19dddf-25ae-4017-9cd3-0db75223df4a
6cf065b8-2f6f-4d2a-a79e-dca234f4c155
f90389ca-c85f-48c6-9709-dd100db4af2f
b87e5f47-58c2-4a17-a1fb-9d0922b2144b
ac30a6a0-8ffd-45b0-843c-0c79094cd768
304a6914-8431-4bbe-bd99-09dc8bba111b
caec55b5-5a8b-41bb-af20-53517dd87ba3
4f00052c-42d4-481f-b37d-0ee0955c1fe3
721f54d4-4aa2-4177-91bd-a4f6520d8c27
dd2ddee7-cfa5-4476-be3f-66970e3edd3c
50e4e489-8369-487f-8037-62571c0a51a5
7ab363f8-a5de-4d67-ba53-e57c9061a013
7913dd6f-c009-4382-a571-c792a233092d
fbc41979-85ff-403b-a9a5-c1cca700bcaf
154c43b5-d552-4b6a-9eff-c4a775055ca7
ac14532b-a403-4f67-9288-b696df6a5371
d5fa00d4-e327-4e79-a1e2-eed10a69c1b0
70f67476-606b-448f-b49a-9b7e27f87472
531bd123-ba5c-4c3f-ab13-4ff60882d680
012a83f2-6d89-4d88-9b9b-5730d1b1c267
050d0560-1cc2-4c27-b0d5-9d874b5e9ef0
40d03d14-cc2a-45af-92db-f54141d79c15
babb1344-a286-4a09-bc1b-e1e1b939c607
36e2b5bc-ba2a-4f1e-997f-09846672b018
22a231e6-55ab-4fc7-ae57-666cf7dab188
e4b26934-7887-4b91-b4f2-a4447d5f36fc
4b6baf8c-d0c5-448f-9c8c-6b9dfbe02a1b
2f2b515f-ddbc-456d-b39e-13fba270d189
0e2390db-842a-4d02-9255-834999156782
41a7b915-06d4-4aa0-a416-e8bf28a5d978
151df674-7fd8-48b7-b401-c686cf04e1b7
374645e8-a281-4b80-b4e3-10112e5258fd
32cc840d-c175-4c04-a6c1-05606026d542
d8412be7-9c6a-4e65-902b-aa6b85c00613
b81d147b-9e42-4e51-a341-7f73584ee0a7
fe7eb5e6-239c-4fdf-bea2-8db4a6ade3a9
e2bc2c35-bd75-4c24-a2fc-cdc911aa7a18
a1819b12-2adf-45bb-be9f-e78bdc23aacb
10af90e6-d7bd-44fb-ada3-5c69f7aec00b
d3e2705f-9726-44c3-983c-18833cfd8647
ff88f6a4-936d-4121-9d26-226b53ffb92c
656d0955-4e54-4b06-9a11-02171c135b49
38549e63-9816-4c85-9ede-5de867da3ef3
e0404624-f3f7-4f71-98a6-4cfe8bbd05c9
5ee001b0-2dfe-4dd3-aaf8-6f57c0c0789c
e05a7804-7657-4e1a-8f2a-a9c6036c01c5
6c63dbae-49e8-472e-bc52-d7a4d5442a9c
399f8091-f381-463e-a7ad-842578e0f1c3
9b1c53e0-0a3c-47b8-a08a-fcf97b2f5149
576c2a2c-4818-4d27-9d0a-e1c593a5d8e1
8689ae42-4ddd-49bd-9252-412e977322f1
565c925e-01b5-4e30-8451-31b4b0193504
81b03e60-60eb-4fcb-a5c2-de0e0c17603c
6ac306ec-387b-4036-98bb-060fbb45db3d
2fd0e658-fe39-489e-bc52-548b211cbbc3
9f0f0bbe-4b8b-4097-9c8d-952969baff8f
f04f594a-6bfb-4f85-9627-da7dbbd9fcc9
a77b62b8-2fa7-49d7-b9e0-4733d608a121
4abb9bb9-70fd-4986-b2b7-4b154da9b569
20f94e3a-9689-4e08-976e-63ad70d781b9
48ff30e0-0ac2-4d8e-a06b-22983ffe3e84
18966b98-b394-4f9b-86ec-ded5afd25173
44a04fff-7a38-4cf0-b37f-b5594674fe43
4c99097e-ad7f-41a0-b92b-78a7260f92aa
9b2f50c9-7f82-4b31-a431-5e4b03161f3c
3dfb0777-a98e-4d20-be31-e83c0c776643
85319f9e-f6b1-460f-98bb-24d68d3627e1
9b5b2946-f213-4980-9e2e-fcbe7b03105a
d685ced5-ce32-4854-8954-53fa459cdc98
d5d7d471-a51c-4989-bf85-6bf9f2606948
37fc72da-d261-4b8e-8d5f-3e893cd23971
53402b24-fb02-4b0c-adb3-6f8b7cbfcc3a
c060b8ac-32d2-42f0-bf9d-8635ea0b3f0f
6246e9fb-15fd-4ac4-9e10-5ff15d2fd25c
9819fc9b-0072-4e6c-91bd-eef1dd3738a3
bc4900b2-7444-4e66-b7ea-94fc5f7e1a19
4d016b11-1065-491d-a123-7e4e3dc27188
101904c2-0a28-4c5b-ba98-69a32a8f6e8b
b562475f-ece6-458b-bc27-fe4a5bb04ed1
4e83f294-7d69-4908-9df3-c2d8c9557165
ea11c90f-dfe0-47cc-9804-4171aa3845d9
2997fffb-0546-4095-9200-243ec38f8a64
d972cd74-3923-474b-958f-54db3bccb2d3
60f41ba4-2e88-470f-a08e-01b4a8965a4f
5abe9032-911f-47dc-b6a2-f46611bd87b8
f31dc6c9-b0fa-4660-97e6-5df325fd7ca6
1976930a-3a98-4444-b4c4-63f9b3b0420b
c4f751b5-9994-4377-8f47-d202550942d5
06d16369-265b-4f58-a987-71d7ab10a364
7c855878-a560-40b5-a50c-9e9edb0d9e9b
1bf7eeda-02e9-499d-8f53-0a2c80cbfb46
0b9f720d-ff25-4fc8-87de-64f7ef7f7b4d
ff4d6a9f-29b0-4589-84d1-db801611659d
b2724c3a-3a54-4039-8727-4eca6f7f4f20
cb800723-527c-46ea-b29a-2a2b5bdbff91
92f5a8f9-ebdd-4c90-ba1d-ab7567faf10f
be90cf30-9c8b-478e-9c92-c0e50dd67f8c
77f8ea70-746f-423f-aa03-3f3660bfda32
97637812-8039-44e7-9bb0-c039c15fb0f5
94bd1aff-e698-4fbd-9be8-261d4a0faaad
bd45b4ec-bc85-4e3f-b188-1d5d041be1bc
22bf1a28-f0d4-4401-974f-06c641fe53b8
ec4f8ad5-5b2d-4f12-93d5-14c32b1df746
f13cf0de-634c-43ae-bf7e-0123c263c88c
df43238a-2a52-43e7-b7cc-02cfd6e67a17
d7ceccbf-ab0b-4f89-9ebf-f7e025daacfd
6257ed31-f131-4b0c-b2ad-00e7734bd9a1
f25e4cf1-df94-4eb7-88fe-db9f7b53045c
49662075-8568-43a9-9c7b-f4cfdc837aaf
2fe52e4d-36f3-4306-886b-11a8d7d6c808
940f4fd9-ee61-4980-aff5-99f59b4042c1
79231894-590d-46da-af47-01aa530df656
9f2aeb8d-9444-4441-b243-9397e920d392
42a8235f-225d-4737-bf56-b5fae72d3d60
b2963e02-e5bf-4755-b8bb-ee7ea517be0a
6bf8dfba-7af7-4f61-97aa-b737700066ce
b1ebd9b7-546a-44da-9dac-486e63bb0e96
c0b2ce8e-78c9-41bf-b5a8-9c510c020157
e43c0d79-b8b1-4a7c-b71b-3055bb16c4db
dbd6dc63-cc09-4b49-8202-08ebd92d0202
8f6be7d0-727c-4770-880a-33be7f09cf3e
8f9c351b-b286-4aec-91a8-aa9bc1f2e91f
a9ea8f73-6121-4f8c-ba95-c09b882694e4
d3a2eee1-601f-4515-b2cc-028082e9dd8a
944b2fe8-4a19-41d6-8957-ad1c817a0747
2cdc9114-7e68-44fd-88b2-20a40d3e95b8
44252bcf-0ab2-421d-8589-1ef110e77b2c
563c239f-250e-48cc-b091-154ac36d0527
8ff0ee20-d8a5-4c0f-bb1e-6ab1de9681e2
f29bf85e-ec91-4ae4-a4c2-3e5281944b7c
f82bbb14-85a9-4cb3-93e8-42b4d6ad8005
3c4d5f43-47e2-4d0f-82ca-2480e0399951
7d05b548-0669-4127-9b6f-86b3629889ec
2bf95480-f68b-4458-befd-3d2e67d3769d
e8b4e334-9ea6-4091-a808-0f76fcb801ff
e54300ae-9488-48d4-997b-022e482e24a3
a7d06893-0f9b-4f74-99c3-c30eca45b839
a75420dd-c61c-41e7-a24b-c68a9fde8ca7
5a0303ba-eec1-40ef-aff5-4d214dc1f6f8
3e6acd74-fd8f-4faa-a147-5e2ddbebd8b2
64af5514-4898-4a83-9731-ab0d4d44c53c
183b481b-fafd-4fef-9920-d410752875e1
71f1082d-2e52-43e9-9d35-f4d472ce5bdd
fc9db35e-3aec-48ad-bcf3-6aed8c3c7157
0b47dc94-3470-4e87-90a2-62e0b459938f
5bbf8917-a70a-49a0-9b17-82f111b6447c
b63064a9-c1ff-4c81-bdaf-3c2342b94860
76a0744b-97c4-42f6-889d-2c52a69dfb92
fe0e7ff0-a23f-4a4a-8482-806acb1c265d
9075e8d2-18f1-41b8-a403-f599303b00e9
782e3c50-10c2-4d91-a41f-c280e5750758
33afa590-d943-4e25-b411-21ee66b54a16
acdc01b8-737e-4845-b6dc-c53dfb45352d
69af3e4c-eb32-4f38-9a4b-5ab88b9c50e4
2d62b3b8-7b34-4c15-aa53-320a78679005
9aadf2b9-8781-4c99-b3cb-ade15e66bcbf
a3fcce06-9587-4c22-bcee-f6d3966c349a
e8f90b26-b2bc-4551-914d-f5cca0ea84f5
dc79c304-3770-4b28-8b45-9b5093ab463a
eb4e9640-fae5-443c-b4c5-07e11edfb8c8
e98ba58f-1be4-4606-8c5d-59d5e9fd6e6f
b5fbd8ec-905d-4d8d-9d2b-a1b246c442d8
fe7b4bae-e1be-4119-8f16-9554298363dc
6c4643cc-018a-4f1f-8d95-783c7dc20f57
0b4676dd-b112-456d-a5a6-999635c53e3c
e5b9b941-041b-4745-80b7-c187616865c6
c12ee250-573d-42ab-a682-f2258190f3a6
61f433f8-9279-44ff-be30-28e618cb69f9
da5e7383-e243-46be-895f-537e6b78597b
52596bd3-8804-4595-aed2-1c1717388556
00747038-2719-4e16-98d9-327978d5f64c
f5ffef0a-5075-420e-9f88-390f9d4c0c70
5384eaff-188f-41ca-839c-b9c827838856
6c0c52b7-8918-4978-8e51-567490384b51
0d82b4b5-5da8-466f-816b-593580839400
b10cab28-b820-4802-b48b-99975a1cf9bf
4180eb11-1fa0-44cd-8d2c-8193e8965ca6
daf66b68-97b6-466d-879a-24355d2ecf75
046a7f6b-1c07-4f3a-900f-41e46b32d037
ecd1d224-a3f7-4530-9c10-ee461f78d29c
5f6b0c4b-60d1-4a0a-93d9-96be69fea59e
9e9b4a42-5aac-4fad-ac67-2d61647871fb
79a7393f-175e-4217-8ccb-1138ccd37a47
2f8dc109-2cc6-4fb3-aa75-6c6eadd41f3b
c9436306-df11-4d9f-896f-350012eda0a8
fc93c2cc-0b89-4391-b3cc-3304b6cb10ca
58265a68-5e06-4b01-bd7f-165e3c69d197
87dc190c-4b0b-46f1-a39f-86e76c7d7bd7
71f3c3eb-324f-4365-90f4-05426b23c8c6
a285c2a9-c5e6-4f21-a609-63a257455a64
3d9f04b9-c37c-4fcc-8265-9c494c41094d
330a2506-4c22-44af-bc80-36c11bc83076
bc489d38-d775-478c-9f31-12b423c4dd7b
c88d77aa-1190-4870-8830-56aaa1d51f29
3dc46b0c-9a1a-442a-879c-7eb720410b43
c86cce18-5237-489a-8a9a-c0c5ce8facba
e38a0bc0-65b6-4c3b-9f9e-b8c1df852657
da1affd3-b790-47ea-b832-674bc3def1d3
433885f4-0015-45cc-8561-93534e25ca59
759584b6-0a90-489e-9732-c8be5f7fcfd8
251a6290-00be-436c-8734-b3c9619bae4f
a4ca3f51-1108-49f7-8c2a-bf1fefa9c89f
23528d6f-e4ed-48f6-b7bb-25935f30e292
35ec27de-ee9b-4a5a-b494-63544e38e046
65fe9472-926b-4d93-bfd1-d033c5ee3f67
d9687fc4-8c1a-40ba-b521-853288c8b9eb
78558f96-1727-480b-874a-11a5d33be3f9
8a8c11ee-09c0-46c4-98d3-d06513c5592b
c66ada12-0238-41d5-babd-6887385a53fd
ee0e151e-c171-4f2b-8886-80a6e3e52320
b3f516e2-92f9-49f5-ab47-3acf90c05da5
534f9c28-700b-4318-a27a-f21c0bb0e03d
67c1c10d-d786-4914-bb6c-275bc6dfcd33
a84bf048-07c3-4070-b853-8c492d189aca
4b23652d-2e1a-4b33-a986-16b53f08b644
ade577ed-2171-4da9-9c8c-b74f0f1eb2ea
8db59baa-8739-435e-9095-15bbc59e4946
74bcffcd-2b8e-4378-b92c-37318eb20bfe
2a5f1f71-26d5-4cc8-8d47-78193f26a0a9
d0b82d92-1b54-44e5-8b2a-53ab4dccc103
9ac4f992-970e-4163-977c-950623bfe051
d82fc2be-4759-4f30-ae47-d107296b77de
bd3d0729-340d-492b-a8f0-bd7a4466d8c3
69a6c0eb-1dd5-4256-91ec-c98031d609fe
f04ce2cd-eef4-44a2-b9e4-e9d870c60ada
4ba12746-46a8-4cb4-8430-6634d0ceae8a
301da0ce-723e-4e11-9425-8320ebe93781
d9320a6b-d272-43ca-9573-886c45686287
ad380b1a-e30f-408d-9f52-92494b2483fc
f8b3f873-0ac7-403b-b051-18c40ff818c1
1f7c0717-afc3-4891-8bdb-1e351d3282af
05cbe898-a244-4a87-b61a-77f38ab8b960
7cf876cb-ace8-4f08-ae70-2a3d4ea140b8
4f05c88c-70e3-4a72-b01d-38e0a98ce946
dab332b4-d3bd-4677-a7e8-92a4da9a52b6
3739a535-2e6f-4e50-afd4-fec0800248fd
e1838290-dbe2-451f-ab75-3311d60a003d
ba92bac3-d2a3-48bc-a276-790337e94032
e47bf3d1-c713-4984-aa1f-be8966525001
f8b01b81-4001-42f0-b0e5-15583a5c096c
8b243c32-8ec1-4a0d-9eb1-a40d8aef731c
59fe6111-8bb9-4040-9a14-2f31477b0c6b
e60a77a0-7b73-43a6-a371-b095bc9efb49
49c7483d-5349-431a-9942-c19e86a6feee
ef6ad2d7-c52b-4659-90cc-17d578795dc8
1a68c6df-ecc2-468d-bd8c-ae64d4376d0d
a2a73fd3-cc9e-4d8d-b3d7-234370b2762a
786cc9a9-2737-42aa-8204-57f88a9cec8d
4c2471bd-296c-498c-ae45-d488495a7dda
f9fa4acf-7722-4379-ba8b-926a83b836ba
d21ceab0-8d9e-4796-9e3a-5fd745ba90d4
acd072c0-1c0c-49e5-87cc-d88459bb9503
618f3bf7-c4d4-40d4-9207-b607450a1946
c0af30e7-136f-4596-98ed-4fb3049b947f
d8aa96ff-ddb0-41f4-ac0a-9ff2fc7d5d66
df2384c8-54f0-40d3-bcca-50360028a9dd
772b40fd-4737-414f-a1f9-f791b08b09f5
bbecef06-be69-4067-95d7-a6e1f36cd93b
d4790aca-d6b1-4cb4-877e-1c942b67aecf
1db59a8d-2cc4-42e2-ad06-269420441e1e
2e82b765-15ec-4e13-8d62-f6e988d5edec
cf83f6e9-1fc4-49bb-ab89-ed876a58240b
fa76c2f9-f0cb-4097-b2aa-70c6497577f3
151f2ff0-8d73-80a2-b0c0-cf96a415e87b
151f2ff0-8d73-8044-994d-f5d1869e0ab1
e4d45aef-ca49-458b-8905-133f8ef3bfd4
033c542f-4d00-483a-9d93-19b196abd47c
a30c6739-97d3-4263-9a6b-a70eba279a43
d8b8dad4-a2f0-46c2-8d67-4aa56e38a5c9
9e4463a0-fd18-4fd1-8716-6faac55d63cb
1ca37342-e2cd-4119-80f5-dba89c0bd695
66e74eb1-0cf2-4362-8057-38f1be67b3ab
579ded92-ee7e-408f-8499-596357f2055f
62b8a473-5bc9-4802-a000-fdb2a51eaeb3
d5b9f263-b01e-4341-9a63-4c22e48218d1
91e93ba3-68d0-494d-96b2-d33059510e32
d0860a03-d79e-4db6-b79e-60f2ff6af482
f8d6cadd-b49f-4444-82c3-e22fba0089ea
8c4bf80c-0953-49e3-99be-867076c3a979
91b4cd96-6643-454e-a0bf-ce724451d8cc
ed0a745d-ceb7-453d-ac5e-276b61a9ba81
0728614b-37b8-4526-a317-f4da7559af84
90fbad84-305e-401e-a91a-54e5c345c201
9b85c99e-5392-4699-b16b-23c36630768e
165b1b0c-4ad8-4cdd-bf07-7d02fff30e6c
c610a967-16b4-4ff9-a96a-3333edcdf9f4
d60333c0-31d0-4d47-b2ec-b04e1bba0e9d
7b86bee5-7231-474e-9ca4-6cf437cfcee7
51b3f773-fbed-407d-8e96-2eaaceefd36d
d4ce1da8-212c-4d3c-8a71-207b8ab3d6af
86458a4e-20c4-4d3e-9873-aeb88410abe6
ac463e9f-d0e4-43dc-b6e1-95d8f19af0d7
a8ff8b63-44ab-4163-8721-d2929a2fcd5c
567c5f81-208a-4033-af85-6d481b95f459
79afdb8d-640d-4b13-a198-ac61a9d9e196
130f46ee-3dc2-483f-91c9-8fefdd2ac94c
2b2d21c6-23f7-4a29-bcf7-5f3dc574c7eb
ef7afd27-1cb3-4b65-a062-4631421f1d30
b0e7db5d-de91-4c73-a95d-90051156be7b
d74c16e6-9aa5-46c0-9847-332d7cd70d63
bddacc53-8b1e-4c3c-adc3-704089516104
df4fa7aa-ec89-4798-827e-29a1db49cfa8
fab2e024-67a3-42ea-b941-1c8291379d8d
bfea07fa-8f0b-43c0-b36b-80c406c2caa7
8573e116-e210-4014-93b7-a1c2640a9938
8b522a4d-70ce-4be9-a85b-ee4d2ced2e8e
6963f109-5c80-42a6-9bec-ee76e7c35347
26dfe6a4-fffe-48ec-b183-b4a8fcf766f5
249a604d-cb9c-429f-b4b5-ec0375ef2614
11fe92c1-8285-46bb-823a-d9daacfd8fdc
a34a9dbe-b782-4e9a-ac9e-bed69376c8f5
f12eff04-a284-4e62-9d2a-d78cd6bcd608
adfa879a-2cc4-4286-9166-88732c205ba0
8def0e13-2e5a-48ce-8cfc-c67b874e4b16
c9266b50-3a8a-4514-8457-32fd337972d9
76b55e5e-17b8-42ee-a430-3e59c2d79077
99e650d5-265a-4ca3-8ea0-44a577b79705
1df04a4a-ca06-4b96-b760-6892e6c8f68d
d4fbd1a7-f717-4a2c-b9af-61df50526320
c9e0e9e9-685a-4e88-b231-78b13a51f438
d5264d77-f420-4b4f-a656-c71d117602e0
1a200b76-8844-4ee8-ba4c-523a7bf3be57
1fef2ff0-8d73-802e-9f19-c0a2bf97bacd
200f2ff0-8d73-80cd-a225-f98e6cc92e8a
200f2ff0-8d73-8005-90a7-c781903e450b
200f2ff0-8d73-80ee-9579-fe84260a41d7
200f2ff0-8d73-8061-a219-d48f35e85d7f
200f2ff0-8d73-8034-8912-f1dc89e11601
200f2ff0-8d73-8051-9315-e2f4a0a77202
200f2ff0-8d73-807c-9630-c9ebb6a66934
200f2ff0-8d73-8007-8b54-d7f82c448a71
200f2ff0-8d73-8022-866f-ea673057c2cf
200f2ff0-8d73-80b3-9906-e9f25d54b65a
200f2ff0-8d73-8097-956b-e8da3a1c95c6
248f2ff0-8d73-809d-894b-c52ecc48efb4
248f2ff0-8d73-804c-8b03-df7826054f77
248f2ff0-8d73-807f-8f26-ebba74ef7bfd
b8e6b25b-f5c8-4530-82d0-7e84d38eae3e
a902e7d5-aa43-4251-b7e9-958817fb5cdf
38ce6bf7-195a-4bb4-b307-df4a000f0bac
f04ee756-ce19-489d-84d2-2b7ec9aef6ae
3bb0695c-e275-4559-891b-fc35a45968ca
ab095aee-dfe2-47da-88b7-23725811217d
1b35b37f-f817-455c-b78b-4e71c2137075
18cce050-a0ed-4639-9385-21e578539738
b14c6c99-3d17-4c03-b545-71f4e55bc476
edcc0ac0-0a89-44dc-8c22-668b6f55aecc
b08102b3-864c-41da-abd5-681499e8cda4
3a6a9c48-2a88-48f9-98ed-169867793861
c1addfc2-a55e-414a-801b-9b86223b0bf3
b4a88348-e71a-42b1-861f-e2551beae1b5
2457370e-5ce2-4975-9e89-3f68bf2de945
3f518b15-2535-4a4e-98f5-5698408ff832
33c56893-def3-4494-b583-3f703c0755cb
02463dc8-2bca-464e-813d-b66268c240ce
83976de2-1f1e-48fe-94b9-7f1197e6d390
5dadba16-eae1-42ee-975b-749b85628a69
0d577bd8-d228-42aa-87bd-037bce877344
b9509560-2eaa-41da-aca8-56b0c0a4ac4f
e7aa87cc-3fc8-4a64-aeb8-b1fa51a7142e
6bdb6cfd-14d1-4611-ac3c-10531c25e4a3
22569712-1bf4-410f-90dd-dd8274324d73
08dc22b7-2b92-4dbd-98d4-fb5bfc209f46
a9a237f7-7a7c-44f3-8ddd-dc4a81644fb0
e8768dc8-d741-4677-97ce-9682f7f9dda1
152f2ff0-8d73-8070-8b7e-db737a1413e4
69a6c0eb-1dd5-4256-91ec-c98031d609fe
1a200b76-8844-4ee8-ba4c-523a7bf3be57
de9f776f-0280-432c-9814-9d0711e4cf2b
57758a5d-7133-43e3-8f16-74f7e0c33d47
8ee8bfcf-d868-40ad-964b-578e9911b923
ad72d07f-7de2-4760-9a86-18e030f32c1b
027fd72d-7f1f-4b3c-a88d-159a37ca046b
7bd2f7c2-b301-4fff-bcc3-41e10339b6a9
9613327b-fd12-421f-9464-dc82410612c7
d14dc6f4-603d-45ac-9ad3-1cfb69886088
810b462c-6498-4574-b7a7-b3247e139dbc
f2b7774f-a699-4226-994a-370774d7f2df
115f2ff0-8d73-80cf-990c-e8fd17d0e193
cf142a6a-6b7c-415a-9183-23a741097e7e
133f2ff0-8d73-80ba-add3-d43c59ec407b
3ac751e4-bcbb-47f8-a4a8-84b7be58a6ab
26d021e0-b1a8-43d9-ae7b-6c58cbfe0002
aba7e79e-081d-4857-8aa4-2bb28673efa0
6e1ed73c-58f2-4159-a4c0-20fd36fe7791
d5f2ed78-dde7-4071-b319-d6e4ed70bb2b
151f2ff0-8d73-80a2-b0c0-cf96a415e87b
151f2ff0-8d73-8044-994d-f5d1869e0ab1
1b3f2ff0-8d73-80e0-b767-f56eaec04dcc
8e703f25-b9eb-4b03-a9ad-65cc078805ac
312b1f73-811f-4697-b02f-1806eefd69bb
c9fdf7a8-e7ea-4900-bab2-86f4906d958b
200f2ff0-8d73-80ee-9579-fe84260a41d7
1b2f2ff0-8d73-80ca-8d9e-e0ca4bef5ce4
1e7f2ff0-8d73-80fb-9e29-f4a12962b1cb
f5df470e-6099-427d-bd29-19edb1e68836
d5d9d4a9-5cd9-4ee3-bc4a-a0388879e1c8
590955f4-cecc-4647-bc2d-456b89117be1
1a18f6fe-cc51-475e-8e33-4f301586a184
0e1d0688-03cc-4f9a-b682-720f8625a565
2949e52e-a8d9-49cb-9425-da6fb5a91a6d
97ee7a13-d330-43d3-8231-53dba095671b
1e8a3127-96fc-4884-bd3a-fec10101eac7
f3bdffcd-06aa-4015-8799-c13dbf8e764d
1fef2ff0-8d73-802e-9f19-c0a2bf97bacd
200f2ff0-8d73-8061-a219-d48f35e85d7f
200f2ff0-8d73-80cd-a225-f98e6cc92e8a
200f2ff0-8d73-8005-90a7-c781903e450b
200f2ff0-8d73-8007-8b54-d7f82c448a71
47b82d53-e779-4fa0-b193-23f72a182916
9e9e6258-163f-48b9-a109-c58a23844417
78d83fdf-711f-4f83-b15c-eb82b03f95da
5c7900e8-855d-46a2-bf7d-eeebfd91ab58
63dc2ac2-d13d-4664-9934-c18fcd802648
44d85d73-827c-4b1d-972d-9a34df77ca0c
9620d4a2-1f94-4f0d-9159-3ea27d38ee82
5c9892b5-9b01-4696-bc03-7626d63c6dcd
e58b6e32-d0b9-4fa4-87a5-57e508778f1f
cb57a9a2-2cf9-463f-a49f-4eede1a4bae2
f04ce2cd-eef4-44a2-b9e4-e9d870c60ada
1b2f2ff0-8d73-804c-b5aa-e10a158e21b3
241f2ff0-8d73-805b-8d6d-ea7fefb5564e
200f2ff0-8d73-8034-8912-f1dc89e11601
200f2ff0-8d73-8097-956b-e8da3a1c95c6
8e224fee-978f-4d6d-931a-34e16c293890
3de13b2e-8f8b-404e-8409-7c4cc4340703
efa2580d-e859-4b89-a634-e2d61e95b8fd
26918c24-c622-40f1-8703-5f31e5e32f11
750cc480-f48d-4e19-8fba-2bfbe7fe9b96
1b3f2ff0-8d73-80d9-a856-fe169494c796
1b3f2ff0-8d73-804e-89b4-f574b8af4b7d
1b3f2ff0-8d73-8058-a715-efb37089f852
200f2ff0-8d73-80b3-9906-e9f25d54b65a
200f2ff0-8d73-8051-9315-e2f4a0a77202
05b679d2-dda9-459b-939c-2b74c948fcb6
45219fa4-f17d-40fd-8e82-52a699ec39d3
200f2ff0-8d73-807c-9630-c9ebb6a66934
1d9f2ff0-8d73-800c-9ab8-c052172d559f
9c846f6e-ebd2-496c-9186-aa2b43c4f799
3312211f-08b2-47a4-927c-822e445d4e7b
e94c0ec4-e657-46df-abdb-af0b12e9eb8e
0fb3b33c-9577-447a-a76c-01fbd541a3db
e94c0ec4-e657-46df-abdb-af0b12e9eb8e
0fb3b33c-9577-447a-a76c-01fbd541a3db
e94c0ec4-e657-46df-abdb-af0b12e9eb8e
0fb3b33c-9577-447a-a76c-01fbd541a3db
40e72d41-2384-40db-9624-e2f2357dd4e7
454029f0-5d93-4525-b85d-ff77830ff564
40e72d41-2384-40db-9624-e2f2357dd4e7
210f2ff0-8d73-80f7-ae39-d91d97f33685
210f2ff0-8d73-8051-949c-e06233d7d241
200f2ff0-8d73-8021-893e-d38231dfec16
256f2ff0-8d73-80af-8595-c035d3e1f421
1c1f2ff0-8d73-8120-b915-e73859510da2
1c1f2ff0-8d73-8147-bd6b-da93497bf453
1c1f2ff0-8d73-819f-94aa-e2f4323d1cef